<html>
<head>
<title>TestNG:  wap-selenium</title>
<link href="../testng.css" rel="stylesheet" type="text/css" />
<link href="../my-testng.css" rel="stylesheet" type="text/css" />

<style type="text/css">
.log { display: none;} 
.stack-trace { display: none;} 
</style>
<script type="text/javascript">
<!--
function flip(e) {
  current = e.style.display;
  if (current == 'block') {
    e.style.display = 'none';
    return 0;
  }
  else {
    e.style.display = 'block';
    return 1;
  }
}

function toggleBox(szDivId, elem, msg1, msg2)
{
  var res = -1;  if (document.getElementById) {
    res = flip(document.getElementById(szDivId));
  }
  else if (document.all) {
    // this is the way old msie versions work
    res = flip(document.all[szDivId]);
  }
  if(elem) {
    if(res == 0) elem.innerHTML = msg1; else elem.innerHTML = msg2;
  }

}

function toggleAllBoxes() {
  if (document.getElementsByTagName) {
    d = document.getElementsByTagName('div');
    for (i = 0; i < d.length; i++) {
      if (d[i].className == 'log') {
        flip(d[i]);
      }
    }
  }
}

// -->
</script>

</head>
<body>
<h2 align='center'>wap-selenium</h2><table border='1' align="center">
<tr>
<td>Tests passed/Failed/Skipped:</td><td>5/1/0</td>
</tr><tr>
<td>Started on:</td><td>Thu Jun 11 10:24:31 CST 2020</td>
</tr>
<tr><td>Total time:</td><td>111 seconds (111956 ms)</td>
</tr><tr>
<td>Included groups:</td><td></td>
</tr><tr>
<td>Excluded groups:</td><td></td>
</tr>
</table><p/>
<small><i>(Hover the method name to see the test class name)</i></small><p/>
<table width='100%' border='1' class='invocation-failed'>
<tr><td colspan='4' align='center'><b>FAILED CONFIGURATIONS</b></td></tr>
<tr><td><b>Test method</b></td>
<td width="30%"><b>Exception</b></td>
<td width="10%"><b>Time (seconds)</b></td>
<td><b>Instance</b></td>
</tr>
<tr>
<td title='com.sh.stt.testcase.index.BJIndexTest.afterTest()'><b>afterTest</b><br>Test class: com.sh.stt.testcase.index.BJIndexTest</td>
<td><div><pre>org.openqa.selenium.NoSuchWindowException: no such window: target window already closed
from unknown error: web view not found
  (Session info: chrome=81.0.4044.138)
Build info: version: &apos;3.141.59&apos;, revision: &apos;e82be7d358&apos;, time: &apos;2018-11-14T08:17:03&apos;
System info: host: &apos;WIN-A7IIGHBBGE6&apos;, ip: &apos;192.168.229.2&apos;, os.name: &apos;Windows 10&apos;, os.arch: &apos;amd64&apos;, os.version: &apos;10.0&apos;, java.version: &apos;1.8.0_241&apos;
Driver info: org.openqa.selenium.chrome.ChromeDriver
Capabilities {acceptInsecureCerts: false, browserName: chrome, browserVersion: 81.0.4044.138, chrome: {chromedriverVersion: 80.0.3987.106 (f68069574609..., userDataDir: C:\Users\ADMINI~1\AppData\L...}, goog:chromeOptions: {debuggerAddress: localhost:53340}, javascriptEnabled: true, networkConnectionEnabled: false, pageLoadStrategy: normal, platform: WINDOWS, platformName: WINDOWS, proxy: Proxy(), setWindowRect: true, strictFileInteractability: false, timeouts: {implicit: 0, pageLoad: 300000, script: 30000}, unhandledPromptBehavior: dismiss and notify}
Session ID: c94e37ef57d42ac3766105dc2caed35d
	at org.openqa.selenium.remote.http.W3CHttpResponseCodec.createException(W3CHttpResponseCodec.java:187)
	at org.openqa.selenium.remote.http.W3CHttpResponseCodec.decode(W3CHttpResponseCodec.java:122)
	at org.openqa.selenium.remote.http.W3CHttpResponseCodec.decode(W3CHttpResponseCodec.java:49)
	at org.openqa.selenium.remote.HttpCommandExecutor.execute(HttpCommandExecutor.java:158)
	at org.openqa.selenium.remote.service.DriverCommandExecutor.execute(DriverCommandExecutor.java:83)
	at org.openqa.selenium.remote.RemoteWebDriver.execute(RemoteWebDriver.java:552)
	at org.openqa.selenium.remote.RemoteWebDriver.executeScript(RemoteWebDriver.java:489)
	at com.sh.stt.base.BaseDriver.closeBrowser(BaseDriver.java:195)
	at com.sh.stt.base.BaseTest.afterTest(BaseTest.java:70)
... Removed 33 stack frames</pre></div><a href='#' onClick='toggleBox("stack-trace569302238", this, "Click to show all stack frames", "Click to hide stack frames")'>Click to show all stack frames</a>
<div class='stack-trace' id='stack-trace569302238'><pre>org.openqa.selenium.NoSuchWindowException: no such window: target window already closed
from unknown error: web view not found
  (Session info: chrome=81.0.4044.138)
Build info: version: &apos;3.141.59&apos;, revision: &apos;e82be7d358&apos;, time: &apos;2018-11-14T08:17:03&apos;
System info: host: &apos;WIN-A7IIGHBBGE6&apos;, ip: &apos;192.168.229.2&apos;, os.name: &apos;Windows 10&apos;, os.arch: &apos;amd64&apos;, os.version: &apos;10.0&apos;, java.version: &apos;1.8.0_241&apos;
Driver info: org.openqa.selenium.chrome.ChromeDriver
Capabilities {acceptInsecureCerts: false, browserName: chrome, browserVersion: 81.0.4044.138, chrome: {chromedriverVersion: 80.0.3987.106 (f68069574609..., userDataDir: C:\Users\ADMINI~1\AppData\L...}, goog:chromeOptions: {debuggerAddress: localhost:53340}, javascriptEnabled: true, networkConnectionEnabled: false, pageLoadStrategy: normal, platform: WINDOWS, platformName: WINDOWS, proxy: Proxy(), setWindowRect: true, strictFileInteractability: false, timeouts: {implicit: 0, pageLoad: 300000, script: 30000}, unhandledPromptBehavior: dismiss and notify}
Session ID: c94e37ef57d42ac3766105dc2caed35d
	at sun.reflect.NativeConstructorAccessorImpl.newInstance0(Native Method)
	at sun.reflect.NativeConstructorAccessorImpl.newInstance(NativeConstructorAccessorImpl.java:62)
	at sun.reflect.DelegatingConstructorAccessorImpl.newInstance(DelegatingConstructorAccessorImpl.java:45)
	at java.lang.reflect.Constructor.newInstance(Constructor.java:423)
	at org.openqa.selenium.remote.http.W3CHttpResponseCodec.createException(W3CHttpResponseCodec.java:187)
	at org.openqa.selenium.remote.http.W3CHttpResponseCodec.decode(W3CHttpResponseCodec.java:122)
	at org.openqa.selenium.remote.http.W3CHttpResponseCodec.decode(W3CHttpResponseCodec.java:49)
	at org.openqa.selenium.remote.HttpCommandExecutor.execute(HttpCommandExecutor.java:158)
	at org.openqa.selenium.remote.service.DriverCommandExecutor.execute(DriverCommandExecutor.java:83)
	at org.openqa.selenium.remote.RemoteWebDriver.execute(RemoteWebDriver.java:552)
	at org.openqa.selenium.remote.RemoteWebDriver.executeScript(RemoteWebDriver.java:489)
	at com.sh.stt.base.BaseDriver.closeBrowser(BaseDriver.java:195)
	at com.sh.stt.base.BaseTest.afterTest(BaseTest.java:70)
	at sun.reflect.NativeMethodAccessorImpl.invoke0(Native Method)
	at sun.reflect.NativeMethodAccessorImpl.invoke(NativeMethodAccessorImpl.java:62)
	at sun.reflect.DelegatingMethodAccessorImpl.invoke(DelegatingMethodAccessorImpl.java:43)
	at java.lang.reflect.Method.invoke(Method.java:498)
	at org.testng.internal.MethodInvocationHelper.invokeMethod(MethodInvocationHelper.java:124)
	at org.testng.internal.MethodInvocationHelper.invokeMethodConsideringTimeout(MethodInvocationHelper.java:59)
	at org.testng.internal.Invoker.invokeConfigurationMethod(Invoker.java:458)
	at org.testng.internal.Invoker.invokeConfigurations(Invoker.java:222)
	at org.testng.internal.Invoker.invokeConfigurations(Invoker.java:142)
	at org.testng.TestRunner.afterRun(TestRunner.java:725)
	at org.testng.TestRunner.run(TestRunner.java:509)
	at org.testng.SuiteRunner.runTest(SuiteRunner.java:455)
	at org.testng.SuiteRunner.runSequentially(SuiteRunner.java:450)
	at org.testng.SuiteRunner.privateRun(SuiteRunner.java:415)
	at org.testng.SuiteRunner.run(SuiteRunner.java:364)
	at org.testng.SuiteRunnerWorker.runSuite(SuiteRunnerWorker.java:52)
	at org.testng.SuiteRunnerWorker.run(SuiteRunnerWorker.java:84)
	at org.testng.TestNG.runSuitesSequentially(TestNG.java:1208)
	at org.testng.TestNG.runSuitesSequentially(TestNG.java:1204)
	at org.testng.TestNG.runSuitesLocally(TestNG.java:1137)
	at org.testng.TestNG.runSuites(TestNG.java:1049)
	at org.testng.TestNG.run(TestNG.java:1017)
	at org.apache.maven.surefire.testng.TestNGExecutor.run(TestNGExecutor.java:283)
	at org.apache.maven.surefire.testng.TestNGXmlTestSuite.execute(TestNGXmlTestSuite.java:75)
	at org.apache.maven.surefire.testng.TestNGProvider.invoke(TestNGProvider.java:120)
	at org.apache.maven.surefire.booter.ForkedBooter.invokeProviderInSameClassLoader(ForkedBooter.java:384)
	at org.apache.maven.surefire.booter.ForkedBooter.runSuitesInProcess(ForkedBooter.java:345)
	at org.apache.maven.surefire.booter.ForkedBooter.execute(ForkedBooter.java:126)
	at org.apache.maven.surefire.booter.ForkedBooter.main(ForkedBooter.java:418)
</pre></div></td>
<td>0</td>
<td>com.sh.stt.testcase.index.BJIndexTest@761956ac</td></tr>
</table><p>
<table width='100%' border='1' class='invocation-failed'>
<tr><td colspan='4' align='center'><b>FAILED TESTS</b></td></tr>
<tr><td><b>Test method</b></td>
<td width="30%"><b>Exception</b></td>
<td width="10%"><b>Time (seconds)</b></td>
<td><b>Instance</b></td>
</tr>
<tr>
<td title='com.sh.stt.testcase.index.BJIndexTest.terminalRecomListTest()'><b>terminalRecomListTest</b><br>Test class: com.sh.stt.testcase.index.BJIndexTest</td>
<td><div><pre>java.lang.Throwable
	at message : 页面中含有&apos;商品已下架&apos;，当前URL:https://touch.10086.cn/goods/100_100_1077754_1059750.html,当前标题：【中国移动】iPhone11（A2223）双卡 公开版4G智能手机 - 中国移动 expected [false] but found [true] in method : .terminalRecomListTest(BJIndexTest:127)
	at com.sh.stt.testcase.index.BJIndexTest.terminalRecomListTest(BJIndexTest.java:127)
	at message : URL含有&apos;404&apos;，当前URL:https://touch.10086.cn/goods/100_100_1076404_1057632.html，当前标题：【中国移动】iPhone11 Pro（A2217） 双卡 公开版4G手机 - 中国移动 expected [false] but found [true] in method : .terminalRecomListTest(BJIndexTest:127)
	at com.sh.stt.testcase.index.BJIndexTest.terminalRecomListTest(BJIndexTest.java:127)
</pre></div><a href='#' onClick='toggleBox("stack-trace1712597146", this, "Click to show all stack frames", "Click to hide stack frames")'>Click to show all stack frames</a>
<div class='stack-trace' id='stack-trace1712597146'><pre>java.lang.Throwable
	at message : 页面中含有&apos;商品已下架&apos;，当前URL:https://touch.10086.cn/goods/100_100_1077754_1059750.html,当前标题：【中国移动】iPhone11（A2223）双卡 公开版4G智能手机 - 中国移动 expected [false] but found [true] in method : .terminalRecomListTest(BJIndexTest:127)
	at com.sh.stt.testcase.index.BJIndexTest.terminalRecomListTest(BJIndexTest.java:127)
	at message : URL含有&apos;404&apos;，当前URL:https://touch.10086.cn/goods/100_100_1076404_1057632.html，当前标题：【中国移动】iPhone11 Pro（A2217） 双卡 公开版4G手机 - 中国移动 expected [false] but found [true] in method : .terminalRecomListTest(BJIndexTest:127)
	at com.sh.stt.testcase.index.BJIndexTest.terminalRecomListTest(BJIndexTest.java:127)
</pre></div></td>
<td>34</td>
<td>com.sh.stt.testcase.index.BJIndexTest@761956ac</td></tr>
</table><p>
<table width='100%' border='1' class='invocation-passed'>
<tr><td colspan='4' align='center'><b>PASSED TESTS</b></td></tr>
<tr><td><b>Test method</b></td>
<td width="30%"><b>Exception</b></td>
<td width="10%"><b>Time (seconds)</b></td>
<td><b>Instance</b></td>
</tr>
<tr>
<td title='com.sh.stt.testcase.index.BJIndexTest.advBannerListTest()'><b>advBannerListTest</b><br>Test class: com.sh.stt.testcase.index.BJIndexTest</td>
<td></td>
<td>10</td>
<td>com.sh.stt.testcase.index.BJIndexTest@761956ac</td></tr>
<tr>
<td title='com.sh.stt.testcase.index.BJIndexTest.familyShareListTest()'><b>familyShareListTest</b><br>Test class: com.sh.stt.testcase.index.BJIndexTest</td>
<td></td>
<td>11</td>
<td>com.sh.stt.testcase.index.BJIndexTest@761956ac</td></tr>
<tr>
<td title='com.sh.stt.testcase.index.BJIndexTest.quickListTest()'><b>quickListTest</b><br>Test class: com.sh.stt.testcase.index.BJIndexTest</td>
<td></td>
<td>23</td>
<td>com.sh.stt.testcase.index.BJIndexTest@761956ac</td></tr>
<tr>
<td title='com.sh.stt.testcase.index.BJIndexTest.serviceRecomListTest()'><b>serviceRecomListTest</b><br>Test class: com.sh.stt.testcase.index.BJIndexTest</td>
<td></td>
<td>11</td>
<td>com.sh.stt.testcase.index.BJIndexTest@761956ac</td></tr>
<tr>
<td title='com.sh.stt.testcase.index.BJIndexTest.tlAdvListTest()'><b>tlAdvListTest</b><br>Test class: com.sh.stt.testcase.index.BJIndexTest</td>
<td></td>
<td>2</td>
<td>com.sh.stt.testcase.index.BJIndexTest@761956ac</td></tr>
</table><p>
</body>
</html>