<?xml version="1.0" encoding="UTF-8"?>
<!-- Generated by org.testng.reporters.JUnitReportReporter -->
<testsuite skipped="9" hostname="WIN-A7IIGHBBGE6" name="com.sh.stt.testcase.index.YNIndexTest" tests="11" failures="0" timestamp="07 七月 2020 07:32:03 GMT" time="0.019" errors="2">
  <testcase name="serviceRecomListTest" time="0.000" classname="com.sh.stt.testcase.index.YNIndexTest">
    <skipped/>
  </testcase> <!-- serviceRecomListTest -->
  <testcase name="featureListTest" time="0.000" classname="com.sh.stt.testcase.index.YNIndexTest">
    <skipped/>
  </testcase> <!-- featureListTest -->
  <testcase name="tlAdvListTest" time="0.000" classname="com.sh.stt.testcase.index.YNIndexTest">
    <skipped/>
  </testcase> <!-- tlAdvListTest -->
  <testcase name="afterClass" time="0.001" classname="com.sh.stt.testcase.index.YNIndexTest">
    <error type="java.lang.NullPointerException">
      <![CDATA[java.lang.NullPointerException
at com.sh.stt.base.BaseDriver.closeBrowser(BaseDriver.java:196)
at com.sh.stt.base.BaseTest.afterClass(BaseTest.java:70)
at sun.reflect.GeneratedMethodAccessor34.invoke(Unknown Source)
at sun.reflect.DelegatingMethodAccessorImpl.invoke(DelegatingMethodAccessorImpl.java:43)
at java.lang.reflect.Method.invoke(Method.java:498)
at org.testng.internal.MethodInvocationHelper.invokeMethod(MethodInvocationHelper.java:124)
at org.testng.internal.MethodInvocationHelper.invokeMethodConsideringTimeout(MethodInvocationHelper.java:59)
at org.testng.internal.Invoker.invokeConfigurationMethod(Invoker.java:458)
at org.testng.internal.Invoker.invokeConfigurations(Invoker.java:222)
at org.testng.internal.Invoker.invokeConfigurations(Invoker.java:142)
at org.testng.internal.TestMethodWorker.invokeAfterClassMethods(TestMethodWorker.java:214)
at org.testng.internal.TestMethodWorker.run(TestMethodWorker.java:111)
at org.testng.TestRunner.privateRun(TestRunner.java:648)
at org.testng.TestRunner.run(TestRunner.java:505)
at org.testng.SuiteRunner.runTest(SuiteRunner.java:455)
at org.testng.SuiteRunner.runSequentially(SuiteRunner.java:450)
at org.testng.SuiteRunner.privateRun(SuiteRunner.java:415)
at org.testng.SuiteRunner.run(SuiteRunner.java:364)
at org.testng.SuiteRunnerWorker.runSuite(SuiteRunnerWorker.java:52)
at org.testng.SuiteRunnerWorker.run(SuiteRunnerWorker.java:84)
at org.testng.TestNG.runSuitesSequentially(TestNG.java:1208)
at org.testng.TestNG.runSuitesSequentially(TestNG.java:1204)
at org.testng.TestNG.runSuitesLocally(TestNG.java:1137)
at org.testng.TestNG.runSuites(TestNG.java:1049)
at org.testng.TestNG.run(TestNG.java:1017)
at org.apache.maven.surefire.testng.TestNGExecutor.run(TestNGExecutor.java:283)
at org.apache.maven.surefire.testng.TestNGXmlTestSuite.execute(TestNGXmlTestSuite.java:75)
at org.apache.maven.surefire.testng.TestNGProvider.invoke(TestNGProvider.java:120)
at org.apache.maven.surefire.booter.ForkedBooter.invokeProviderInSameClassLoader(ForkedBooter.java:384)
at org.apache.maven.surefire.booter.ForkedBooter.runSuitesInProcess(ForkedBooter.java:345)
at org.apache.maven.surefire.booter.ForkedBooter.execute(ForkedBooter.java:126)
at org.apache.maven.surefire.booter.ForkedBooter.main(ForkedBooter.java:418)
]]>
    </error>
  </testcase> <!-- afterClass -->
  <testcase name="advBannerListTest" time="0.000" classname="com.sh.stt.testcase.index.YNIndexTest">
    <skipped/>
  </testcase> <!-- advBannerListTest -->
  <testcase name="cardRecomLeftTest" time="0.000" classname="com.sh.stt.testcase.index.YNIndexTest">
    <skipped/>
  </testcase> <!-- cardRecomLeftTest -->
  <testcase name="terminalRecomListTest" time="0.000" classname="com.sh.stt.testcase.index.YNIndexTest">
    <skipped/>
  </testcase> <!-- terminalRecomListTest -->
  <testcase name="cardRecomRightListTest" time="0.000" classname="com.sh.stt.testcase.index.YNIndexTest">
    <skipped/>
  </testcase> <!-- cardRecomRightListTest -->
  <testcase name="quickListTest" time="0.000" classname="com.sh.stt.testcase.index.YNIndexTest">
    <skipped/>
  </testcase> <!-- quickListTest -->
  <testcase name="familyShareListTest" time="0.000" classname="com.sh.stt.testcase.index.YNIndexTest">
    <skipped/>
  </testcase> <!-- familyShareListTest -->
  <testcase name="beforeClass" time="0.018" classname="com.sh.stt.testcase.index.YNIndexTest">
    <error type="java.lang.NullPointerException">
      <![CDATA[java.lang.NullPointerException
at com.sh.stt.base.BaseDriver.startBrowser(BaseDriver.java:159)
at com.sh.stt.base.BaseTest.beforeClass(BaseTest.java:60)
at sun.reflect.GeneratedMethodAccessor33.invoke(Unknown Source)
at sun.reflect.DelegatingMethodAccessorImpl.invoke(DelegatingMethodAccessorImpl.java:43)
at java.lang.reflect.Method.invoke(Method.java:498)
at org.testng.internal.MethodInvocationHelper.invokeMethod(MethodInvocationHelper.java:124)
at org.testng.internal.MethodInvocationHelper.invokeMethodConsideringTimeout(MethodInvocationHelper.java:59)
at org.testng.internal.Invoker.invokeConfigurationMethod(Invoker.java:458)
at org.testng.internal.Invoker.invokeConfigurations(Invoker.java:222)
at org.testng.internal.Invoker.invokeConfigurations(Invoker.java:142)
at org.testng.internal.TestMethodWorker.invokeBeforeClassMethods(TestMethodWorker.java:168)
at org.testng.internal.TestMethodWorker.run(TestMethodWorker.java:105)
at org.testng.TestRunner.privateRun(TestRunner.java:648)
at org.testng.TestRunner.run(TestRunner.java:505)
at org.testng.SuiteRunner.runTest(SuiteRunner.java:455)
at org.testng.SuiteRunner.runSequentially(SuiteRunner.java:450)
at org.testng.SuiteRunner.privateRun(SuiteRunner.java:415)
at org.testng.SuiteRunner.run(SuiteRunner.java:364)
at org.testng.SuiteRunnerWorker.runSuite(SuiteRunnerWorker.java:52)
at org.testng.SuiteRunnerWorker.run(SuiteRunnerWorker.java:84)
at org.testng.TestNG.runSuitesSequentially(TestNG.java:1208)
at org.testng.TestNG.runSuitesSequentially(TestNG.java:1204)
at org.testng.TestNG.runSuitesLocally(TestNG.java:1137)
at org.testng.TestNG.runSuites(TestNG.java:1049)
at org.testng.TestNG.run(TestNG.java:1017)
at org.apache.maven.surefire.testng.TestNGExecutor.run(TestNGExecutor.java:283)
at org.apache.maven.surefire.testng.TestNGXmlTestSuite.execute(TestNGXmlTestSuite.java:75)
at org.apache.maven.surefire.testng.TestNGProvider.invoke(TestNGProvider.java:120)
at org.apache.maven.surefire.booter.ForkedBooter.invokeProviderInSameClassLoader(ForkedBooter.java:384)
at org.apache.maven.surefire.booter.ForkedBooter.runSuitesInProcess(ForkedBooter.java:345)
at org.apache.maven.surefire.booter.ForkedBooter.execute(ForkedBooter.java:126)
at org.apache.maven.surefire.booter.ForkedBooter.main(ForkedBooter.java:418)
]]>
    </error>
  </testcase> <!-- beforeClass -->
</testsuite> <!-- com.sh.stt.testcase.index.YNIndexTest -->
